[master (root-commit) d6948a3] Make IRCServer
 17 files changed, 1028 insertions(+)
 create mode 100644 .local.git.out
 create mode 100755 IRCClient
 create mode 100644 IRCClient.cc
 create mode 100644 Makefile
 create mode 100755 TestIRCServer
 create mode 100644 TestIRCServer.c
 create mode 100755 entry
 create mode 100644 entry.c
 create mode 100755 hello
 create mode 100644 hello.c
 create mode 100755 panned
 create mode 100644 panned.c
 create mode 100755 radio
 create mode 100644 radio.c
 create mode 100644 talk-client.c
 create mode 100755 timer
 create mode 100644 timer.c
[master 9794e66] Make IRCServer
 3 files changed, 259 insertions(+), 4 deletions(-)
 rewrite IRCClient (93%)
[master 86648fa] Make IRCServer
 3 files changed, 7 insertions(+), 1 deletion(-)
 rewrite IRCClient (88%)
[master d00af87] Make IRCServer
 3 files changed, 5 insertions(+)
[master 1ce33b0] Make IRCServer
 3 files changed, 6 insertions(+), 3 deletions(-)
[master 4c465b2] Make IRCServer
 3 files changed, 12 insertions(+), 5 deletions(-)
 rewrite IRCClient (65%)
[master 422d7c3] Make IRCServer
 3 files changed, 7 insertions(+), 4 deletions(-)
 rewrite IRCClient (64%)
[master 1972e41] Make IRCServer
 3 files changed, 4 insertions(+), 1 deletion(-)
[master 938fb70] Make IRCServer
 3 files changed, 6 insertions(+), 4 deletions(-)
 rewrite IRCClient (61%)
[master f47d72c] Make IRCServer
 3 files changed, 20 insertions(+), 5 deletions(-)
 rewrite IRCClient (89%)
[master ad8962c] Make IRCServer
 3 files changed, 11 insertions(+)
 rewrite IRCClient (84%)
[master db869a1] Make IRCServer
 3 files changed, 4 insertions(+)
[master eeafa75] Make IRCServer
 4 files changed, 420 insertions(+), 2 deletions(-)
 rewrite IRCClient (93%)
 create mode 100644 IRCClient.cc.save
[master 80eaaa2] Make IRCServer
 3 files changed, 6 insertions(+), 3 deletions(-)
[master 831f572] Make IRCServer
 3 files changed, 3 insertions(+), 1 deletion(-)
[master 0794243] Make IRCServer
 3 files changed, 3 insertions(+), 1 deletion(-)
[master 46c3545] Make IRCServer
 3 files changed, 7 insertions(+), 4 deletions(-)
[master 9b61d77] Make IRCServer
 3 files changed, 3 insertions(+)
[master ebbb9d1] Make IRCServer
 3 files changed, 3 insertions(+), 1 deletion(-)
[master a10422a] Make IRCServer
 3 files changed, 47 insertions(+), 2 deletions(-)
 rewrite IRCClient (81%)
[master 2280433] Make IRCServer
 3 files changed, 5 insertions(+), 2 deletions(-)
[master b9b4644] Make IRCServer
 3 files changed, 5 insertions(+), 2 deletions(-)
[master ddb440d] Make IRCServer
 3 files changed, 55 insertions(+), 3 deletions(-)
[master 0876c0a] Make IRCServer
 3 files changed, 9 insertions(+), 2 deletions(-)
[master dd184a2] Make IRCServer
 3 files changed, 4 insertions(+), 1 deletion(-)
[master 35dc151] Make IRCServer
 3 files changed, 8 insertions(+), 6 deletions(-)
[master e343448] Make IRCServer
 3 files changed, 6 insertions(+), 3 deletions(-)
[master 3d8c1ce] Make IRCServer
 3 files changed, 9 insertions(+), 7 deletions(-)
 rewrite IRCClient (60%)
[master b8f2490] Make IRCServer
 3 files changed, 5 insertions(+), 2 deletions(-)
 rewrite IRCClient (60%)
[master 5167096] Make IRCServer
 3 files changed, 5 insertions(+), 2 deletions(-)
[master 31c9ad1] Make IRCServer
 3 files changed, 11 insertions(+), 6 deletions(-)
[master 76ead9b] Make IRCServer
 3 files changed, 27 insertions(+), 3 deletions(-)
 rewrite IRCClient (64%)
[master da68850] Make IRCServer
 3 files changed, 6 insertions(+), 1 deletion(-)
[master 3781714] Make IRCServer
 3 files changed, 41 insertions(+), 1 deletion(-)
 rewrite IRCClient (84%)
[master 7bbcf8b] Make IRCServer
 3 files changed, 5 insertions(+), 2 deletions(-)
[master e980e6d] Make IRCServer
 3 files changed, 6 insertions(+), 3 deletions(-)
[master c82f9d4] Make IRCServer
 3 files changed, 3 insertions(+), 1 deletion(-)
[master 434c2a0] Make IRCServer
 3 files changed, 4 insertions(+), 2 deletions(-)
[master dcd4ac4] Make IRCServer
 3 files changed, 3 insertions(+), 1 deletion(-)
[master 4ec0143] Make IRCServer
 3 files changed, 4 insertions(+), 2 deletions(-)
[master 44cc0b6] Make IRCServer
 3 files changed, 6 insertions(+), 2 deletions(-)
[master a8742f2] Make IRCServer
 3 files changed, 3 insertions(+), 1 deletion(-)
[master 05d088e] Make IRCServer
 3 files changed, 3 insertions(+), 1 deletion(-)
[master 2d4e89e] Make IRCServer
 3 files changed, 3 insertions(+), 2 deletions(-)
[master e72d6e2] Make IRCServer
 3 files changed, 5 insertions(+), 2 deletions(-)
 rewrite IRCClient (61%)
[master 855b15e] Make IRCServer
 3 files changed, 4 insertions(+), 1 deletion(-)
[master da8d068] Make IRCServer
 3 files changed, 10 insertions(+), 8 deletions(-)
[master ccf74d9] Make IRCServer
 3 files changed, 4 insertions(+), 2 deletions(-)
[master 143ac74] Make IRCServer
 3 files changed, 6 insertions(+), 4 deletions(-)
 rewrite IRCClient (60%)
[master 2477ff9] Make IRCServer
 3 files changed, 31 insertions(+), 1 deletion(-)
[master 287779f] Make IRCServer
 3 files changed, 5 insertions(+)
[master 3ebd338] Make IRCServer
 3 files changed, 102 insertions(+), 17 deletions(-)
 rewrite IRCClient (61%)
[master e119cd9] Make IRCServer
 3 files changed, 7 insertions(+), 2 deletions(-)
 rewrite IRCClient (61%)
[master 35e5f37] Make IRCServer
 3 files changed, 9 insertions(+), 5 deletions(-)
[master c03e659] Make IRCServer
 3 files changed, 56 insertions(+), 2 deletions(-)
 rewrite IRCClient (84%)
[master aeaf16d] Make IRCServer
 3 files changed, 75 insertions(+), 2 deletions(-)
 rewrite IRCClient (84%)
[master 1df9780] Make IRCServer
 3 files changed, 4 insertions(+), 1 deletion(-)
[master 04c49b6] Make IRCServer
 3 files changed, 6 insertions(+), 4 deletions(-)
[master 4d25147] Make IRCServer
 3 files changed, 4 insertions(+), 2 deletions(-)
[master e804c36] Make IRCServer
 3 files changed, 9 insertions(+), 2 deletions(-)
 rewrite IRCClient (80%)
[master 18bbd92] Make IRCServer
 3 files changed, 18 insertions(+), 5 deletions(-)
 rewrite IRCClient (83%)
[master 249cb76] Make IRCServer
 3 files changed, 8 insertions(+), 1 deletion(-)
[master 1f1ad7b] Make IRCServer
 3 files changed, 22 insertions(+), 3 deletions(-)
[master 92ca519] Make IRCServer
 3 files changed, 14 insertions(+), 2 deletions(-)
[master e39e34f] Make IRCServer
 3 files changed, 44 insertions(+), 76 deletions(-)
 rewrite IRCClient (71%)
[master d29a1f7] Make IRCServer
 3 files changed, 56 insertions(+), 5 deletions(-)
 rewrite IRCClient (65%)
[master fb018a4] Make IRCServer
 3 files changed, 4 insertions(+), 1 deletion(-)
[master ecad535] Make IRCServer
 3 files changed, 16 insertions(+), 2 deletions(-)
 rewrite IRCClient (88%)
[master b7d7951] Make IRCServer
 3 files changed, 30 insertions(+), 2 deletions(-)
 rewrite IRCClient (89%)
[master 6c0a1bb] Make IRCServer
 3 files changed, 39 insertions(+), 14 deletions(-)
 rewrite IRCClient (85%)
[master 58ea526] Make IRCServer
 3 files changed, 47 insertions(+)
[master 406a511] Make IRCServer
 3 files changed, 3 insertions(+), 1 deletion(-)
[master 2a86983] Make IRCServer
 3 files changed, 13 insertions(+), 1 deletion(-)
[master 2520cfc] Make IRCServer
 3 files changed, 7 insertions(+)
[master 59d284d] Make IRCServer
 3 files changed, 3 insertions(+), 1 deletion(-)
[master a8e70ff] Make IRCServer
 3 files changed, 3 insertions(+), 1 deletion(-)
